<?xml version="1.0" encoding="UTF-8"?>
<testsuite xmlns:xsi="http://www.w3.org/2001/XMLSchema-instance" xsi:noNamespaceSchemaLocation="https://maven.apache.org/surefire/maven-surefire-plugin/xsd/surefire-test-report-3.0.xsd" version="3.0" name="com.example.RedisProject.RedisProjectApplicationTests" time="7.834" tests="1" errors="0" skipped="0" failures="0">
  <properties>
[...]
</properties>
  <testcase name="contextLoads" classname="com.example.RedisProject.RedisProjectApplicationTests" time="0.147">
    <system-out><![CDATA[16:44:49.720 [main] INFO  o.s.b.t.c.SpringBootTestContextBootstrapper - Neither @ContextConfiguration nor @ContextHierarchy found for test class [com.example.RedisProject.RedisProjectApplicationTests], using SpringBootContextLoader
16:44:49.720 [main] INFO  o.s.t.c.s.AbstractContextLoader - Could not detect default resource locations for test class [com.example.RedisProject.RedisProjectApplicationTests]: no resource found for suffixes {-context.xml, Context.groovy}.
16:44:49.720 [main] INFO  o.s.t.c.s.AnnotationConfigContextLoaderUtils - Could not detect default configuration classes for test class [com.example.RedisProject.RedisProjectApplicationTests]: RedisProjectApplicationTests does not declare any static, non-private, non-final, nested classes annotated with @Configuration.
16:44:49.831 [main] INFO  o.s.b.t.c.SpringBootTestContextBootstrapper - Found @SpringBootConfiguration com.example.RedisProject.RedisProjectApplication for test class com.example.RedisProject.RedisProjectApplicationTests
16:44:49.893 [main] INFO  o.s.b.t.c.SpringBootTestContextBootstrapper - Loaded default TestExecutionListener class names from location [META-INF/spring.factories]: [org.springframework.boot.test.mock.mockito.MockitoTestExecutionListener, org.springframework.boot.test.mock.mockito.ResetMocksTestExecutionListener, org.springframework.boot.test.autoconfigure.restdocs.RestDocsTestExecutionListener, org.springframework.boot.test.autoconfigure.web.client.MockRestServiceServerResetTestExecutionListener, org.springframework.boot.test.autoconfigure.web.servlet.MockMvcPrintOnlyOnFailureTestExecutionListener, org.springframework.boot.test.autoconfigure.web.servlet.WebDriverTestExecutionListener, org.springframework.boot.test.autoconfigure.webservices.client.MockWebServiceServerTestExecutionListener, org.springframework.test.context.web.ServletTestExecutionListener, org.springframework.test.context.support.DirtiesContextBeforeModesTestExecutionListener, org.springframework.test.context.event.ApplicationEventsTestExecutionListener, org.springframework.test.context.support.DependencyInjectionTestExecutionListener, org.springframework.test.context.support.DirtiesContextTestExecutionListener, org.springframework.test.context.transaction.TransactionalTestExecutionListener, org.springframework.test.context.jdbc.SqlScriptsTestExecutionListener, org.springframework.test.context.event.EventPublishingTestExecutionListener]
16:44:49.909 [main] INFO  o.s.b.t.c.SpringBootTestContextBootstrapper - Using TestExecutionListeners: [org.springframework.test.context.web.ServletTestExecutionListener@a4b2d8f, org.springframework.test.context.support.DirtiesContextBeforeModesTestExecutionListener@dcfda20, org.springframework.test.context.event.ApplicationEventsTestExecutionListener@6d304f9d, org.springframework.boot.test.mock.mockito.MockitoTestExecutionListener@f73dcd6, org.springframework.boot.test.autoconfigure.SpringBootDependencyInjectionTestExecutionListener@5c87bfe2, org.springframework.test.context.support.DirtiesContextTestExecutionListener@2fea7088, org.springframework.test.context.transaction.TransactionalTestExecutionListener@40499e4f, org.springframework.test.context.jdbc.SqlScriptsTestExecutionListener@51cd7ffc, org.springframework.test.context.event.EventPublishingTestExecutionListener@30d4b288, org.springframework.boot.test.mock.mockito.ResetMocksTestExecutionListener@4cc6fa2a, org.springframework.boot.test.autoconfigure.restdocs.RestDocsTestExecutionListener@40f1be1b, org.springframework.boot.test.autoconfigure.web.client.MockRestServiceServerResetTestExecutionListener@7a791b66, org.springframework.boot.test.autoconfigure.web.servlet.MockMvcPrintOnlyOnFailureTestExecutionListener@6f2cb653, org.springframework.boot.test.autoconfigure.web.servlet.WebDriverTestExecutionListener@14c01636, org.springframework.boot.test.autoconfigure.webservices.client.MockWebServiceServerTestExecutionListener@590c73d3]

  .   ____          _            __ _ _
 /\\ / ___'_ __ _ _(_)_ __  __ _ \ \ \ \
( ( )\___ | '_ | '_| | '_ \/ _` | \ \ \ \
 \\/  ___)| |_)| | | | | || (_| |  ) ) ) )
  '  |____| .__|_| |_|_| |_\__, | / / / /
 =========|_|==============|___/=/_/_/_/
 :: Spring Boot ::                (v2.7.0)

16:44:50.208 [background-preinit] INFO  o.h.validator.internal.util.Version - HV000001: Hibernate Validator 6.2.3.Final
16:44:50.212 [main] INFO  c.e.R.RedisProjectApplicationTests - Starting RedisProjectApplicationTests using Java 18.0.1 on VISHNU_VISHAL_S with PID 25056 (started by vishnu vishal in C:\Users\vishn\IdeaProjects\RedisProject)
16:44:50.212 [main] INFO  c.e.R.RedisProjectApplicationTests - No active profile set, falling back to 1 default profile: "default"
16:44:50.898 [main] INFO  o.s.d.r.c.RepositoryConfigurationDelegate - Multiple Spring Data modules found, entering strict repository configuration mode!
16:44:50.898 [main] INFO  o.s.d.r.c.RepositoryConfigurationDelegate - Bootstrapping Spring Data Redis repositories in DEFAULT mode.
16:44:50.914 [main] INFO  o.s.d.r.c.RepositoryConfigurationDelegate - Finished Spring Data repository scanning in 5 ms. Found 0 Redis repository interfaces.
16:44:50.914 [main] INFO  o.s.d.r.c.RepositoryConfigurationDelegate - Multiple Spring Data modules found, entering strict repository configuration mode!
16:44:50.914 [main] INFO  o.s.d.r.c.RepositoryConfigurationDelegate - Bootstrapping Spring Data Redis repositories in DEFAULT mode.
16:44:50.946 [main] INFO  o.s.d.r.c.RepositoryConfigurationExtensionSupport - Spring Data Redis - Could not safely identify store assignment for repository candidate interface com.example.RedisProject.Redis.AccessListRepository. If you want this repository to be a Redis repository, consider annotating your entities with one of these annotations: org.springframework.data.redis.core.RedisHash (preferred), or consider extending one of the following types with your repository: org.springframework.data.keyvalue.repository.KeyValueRepository.
16:44:51.042 [main] INFO  o.s.d.r.c.RepositoryConfigurationDelegate - Finished Spring Data repository scanning in 117 ms. Found 1 Redis repository interfaces.
16:44:51.042 [main] INFO  o.s.d.r.c.RepositoryConfigurationDelegate - Multiple Spring Data modules found, entering strict repository configuration mode!
16:44:51.042 [main] INFO  o.s.d.r.c.RepositoryConfigurationDelegate - Bootstrapping Spring Data JPA repositories in DEFAULT mode.
16:44:51.042 [main] INFO  o.s.d.r.c.RepositoryConfigurationDelegate - Finished Spring Data repository scanning in 5 ms. Found 1 JPA repository interfaces.
16:44:51.488 [main] INFO  o.s.d.r.c.RepositoryConfigurationDelegate - Multiple Spring Data modules found, entering strict repository configuration mode!
16:44:51.488 [main] INFO  o.s.d.r.c.RepositoryConfigurationDelegate - Bootstrapping Spring Data Redis repositories in DEFAULT mode.
16:44:51.505 [main] INFO  o.s.d.r.c.RepositoryConfigurationExtensionSupport - Spring Data Redis - Could not safely identify store assignment for repository candidate interface com.example.RedisProject.Redis.AccessListRepository. If you want this repository to be a Redis repository, consider annotating your entities with one of these annotations: org.springframework.data.redis.core.RedisHash (preferred), or consider extending one of the following types with your repository: org.springframework.data.keyvalue.repository.KeyValueRepository.
16:44:51.505 [main] INFO  o.s.d.r.c.RepositoryConfigurationDelegate - Finished Spring Data repository scanning in 13 ms. Found 1 Redis repository interfaces.
16:44:52.302 [main] INFO  com.zaxxer.hikari.HikariDataSource - HikariPool-1 - Starting...
16:44:52.492 [main] INFO  com.zaxxer.hikari.HikariDataSource - HikariPool-1 - Start completed.
16:44:52.554 [main] INFO  o.h.jpa.internal.util.LogHelper - HHH000204: Processing PersistenceUnitInfo [name: default]
16:44:52.601 [main] INFO  org.hibernate.Version - HHH000412: Hibernate ORM core version 5.6.9.Final
16:44:52.728 [main] INFO  o.h.annotations.common.Version - HCANN000001: Hibernate Commons Annotations {5.1.2.Final}
16:44:52.847 [main] INFO  org.hibernate.dialect.Dialect - HHH000400: Using dialect: org.hibernate.dialect.H2Dialect
16:44:53.391 [main] INFO  o.h.e.t.j.p.i.JtaPlatformInitiator - HHH000490: Using JtaPlatform implementation: [org.hibernate.engine.transaction.jta.platform.internal.NoJtaPlatform]
16:44:53.407 [main] INFO  o.s.o.j.LocalContainerEntityManagerFactoryBean - Initialized JPA EntityManagerFactory for persistence unit 'default'
16:44:54.728 [main] INFO  c.e.R.security.SecurityConfiguration - in configure 1
16:44:54.728 [main] WARN  o.s.security.core.userdetails.User - User.withDefaultPasswordEncoder() is considered unsafe for production and is only intended for sample applications.
16:44:54.807 [main] WARN  o.s.security.core.userdetails.User - User.withDefaultPasswordEncoder() is considered unsafe for production and is only intended for sample applications.
16:44:54.992 [main] INFO  c.e.R.security.SecurityConfiguration - in configure 2
16:44:55.134 [main] WARN  o.s.b.a.o.j.JpaBaseConfiguration$JpaWebConfiguration - spring.jpa.open-in-view is enabled by default. Therefore, database queries may be performed during view rendering. Explicitly configure spring.jpa.open-in-view to disable this warning
16:44:55.295 [main] INFO  o.s.b.a.h.H2ConsoleAutoConfiguration - H2 console available at '/h2-console'. Database available at 'jdbc:h2:mem:dcbapp'
16:44:56.345 [main] INFO  o.s.b.a.e.web.EndpointLinksResolver - Exposing 24 endpoint(s) beneath base path '/manage'
16:44:56.376 [main] INFO  o.s.s.web.DefaultSecurityFilterChain - Will secure any request with [org.springframework.security.web.session.DisableEncodeUrlFilter@30926583, org.springframework.security.web.context.request.async.WebAsyncManagerIntegrationFilter@55aadbf2, org.springframework.security.web.context.SecurityContextPersistenceFilter@bedebe9, org.springframework.security.web.header.HeaderWriterFilter@4a5a8c6f, org.springframework.web.filter.CorsFilter@5b3c491e, org.springframework.security.web.authentication.logout.LogoutFilter@17d606c9, org.springframework.security.web.authentication.www.BasicAuthenticationFilter@75b598a5, org.springframework.security.web.savedrequest.RequestCacheAwareFilter@3c5d183, org.springframework.security.web.servletapi.SecurityContextHolderAwareRequestFilter@87cb1d8, org.springframework.security.web.authentication.AnonymousAuthenticationFilter@44c141ce, org.springframework.security.web.session.SessionManagementFilter@51a8aed8, org.springframework.security.web.access.ExceptionTranslationFilter@416bff93, org.springframework.security.web.access.intercept.AuthorizationFilter@24a024c8]
16:44:57.219 [main] INFO  c.e.R.RedisProjectApplicationTests - Started RedisProjectApplicationTests in 7.284 seconds (JVM running for 10.085)
]]></system-out>
  </testcase>
</testsuite>